<?xml version="1.0" encoding="UTF-8"?>
<!-- Generated by org.testng.reporters.JUnitReportReporter -->
<testsuite skipped="0" hostname="DESKTOP-I4183A3" name="Test.day1" tests="2" failures="0" timestamp="2020-02-25T13:49:27 EST" time="0.009" errors="0">
  <testcase name="demo1" time="0.002" classname="Test.day1"/>
  <testcase name="demo" time="0.007" classname="Test.day1"/>
</testsuite> <!-- Test.day1 -->
