<?xml version="1.0" encoding="UTF-8"?>
<!-- Generated by org.testng.reporters.JUnitReportReporter -->
<testsuite skipped="0" hostname="DESKTOP-I4183A3" name="Test.day3" tests="1" failures="0" timestamp="2020-02-25T13:49:27 EST" time="0.012" errors="0">
  <testcase name="demo3" time="0.012" classname="Test.day3"/>
</testsuite> <!-- Test.day3 -->
